<?xml version="1.0" encoding="UTF-8"?>
<!-- Generated by org.testng.reporters.JUnitXMLReporter -->
<testsuite ignored="4" hostname="DESKTOP-H4TRDFO" failures="0" tests="1" name="MyTest" time="43.784" errors="0" timestamp="2023-12-19T13:05:39 IST">
  <testcase classname="TestCases.Test_Login" name="testSuccessfulLoginandLogout" time="14.335"/>
  <testcase classname="TestCases.Test_Login" name="testInvalidLogin" time="0.0">
    <ignored/>
  </testcase> <!-- testInvalidLogin -->
  <testcase classname="TestCases.Test_Login" name="testForgotPassReqFieldValidation" time="0.0">
    <ignored/>
  </testcase> <!-- testForgotPassReqFieldValidation -->
  <testcase classname="TestCases.Test_AdminFunctionality" name="testCreateUser" time="0.0">
    <ignored/>
  </testcase> <!-- testCreateUser -->
  <testcase classname="TestCases.Test_Login" name="testRequiredFieldValidation" time="0.0">
    <ignored/>
  </testcase> <!-- testRequiredFieldValidation -->
</testsuite> <!-- MyTest -->
