<?xml version="1.0" encoding="UTF-8"?>
<!-- Generated by org.testng.reporters.JUnitXMLReporter -->
<testsuite ignored="0" hostname="DESKTOP-H4TRDFO" failures="0" tests="4" name="Default test" time="113.806" errors="0" timestamp="2023-12-19T00:19:19 IST">
  <testcase classname="TestCases.Test_Login" name="testSuccessfulLoginandLogout" time="31.329"/>
  <testcase classname="TestCases.Test_Login" name="testInvalidLogin" time="4.783"/>
  <testcase classname="TestCases.Test_Login" name="testRequiredFieldValidation" time="3.28"/>
  <testcase classname="TestCases.Test_Login" name="testForgotPassReqFieldValidation" time="4.302"/>
</testsuite> <!-- Default test -->
