<?xml version="1.0" encoding="UTF-8"?>
<!-- Generated by org.testng.reporters.JUnitXMLReporter -->
<testsuite ignored="2" hostname="DESKTOP-H4TRDFO" failures="0" tests="3" name="MyTest" time="114.391" errors="0" timestamp="2023-12-19T23:19:07 IST">
  <testcase classname="TestCases.Test_Login" name="testSuccessfulLoginandLogout" time="12.809"/>
  <testcase classname="TestCases.Test_Login" name="testInvalidLogin" time="5.247"/>
  <testcase classname="TestCases.Test_Login" name="testRequiredFieldValidation" time="3.308"/>
  <testcase classname="TestCases.Test_Login" name="testForgotPassReqFieldValidation" time="0.0">
    <ignored/>
  </testcase> <!-- testForgotPassReqFieldValidation -->
  <testcase classname="TestCases.Test_AdminFunctionality" name="testCreateUser" time="0.0">
    <ignored/>
  </testcase> <!-- testCreateUser -->
</testsuite> <!-- MyTest -->
