<?xml version="1.0" encoding="UTF-8"?>
<testsuite xmlns:xsi="http://www.w3.org/2001/XMLSchema-instance" xsi:noNamespaceSchemaLocation="https://maven.apache.org/surefire/maven-surefire-plugin/xsd/surefire-test-report-3.0.xsd" version="3.0" name="TestSuite" time="127.189" tests="3" errors="0" skipped="0" failures="0">
  <properties>
[...]
</properties>
  <testcase name="testSuccessfulLoginandLogout" classname="TestCases.Test_Login" time="12.821">
    <system-out><![CDATA[ INFO [main] (BaseClass.java:52)- Browser Maximize
 INFO [main] (BaseClass.java:56)- Url Entered
 INFO [main] (Test_Login.java:11)- Login success
SecondMethod
]]></system-out>
    <system-err><![CDATA[Starting ChromeDriver 114.0.5735.90 (386bc09e8f4f2e025eddae123f36f6263096ae49-refs/branch-heads/5735@{#1052}) on port 6370
Only local connections are allowed.
Please see https://chromedriver.chromium.org/security-considerations for suggestions on keeping ChromeDriver safe.
ChromeDriver was started successfully.
Dec 19, 2023 11:18:37 PM org.openqa.selenium.remote.ProtocolHandshake createSession
INFO: Detected dialect: W3C
]]></system-err>
  </testcase>
  <testcase name="testInvalidLogin" classname="TestCases.Test_Login" time="5.247"/>
  <testcase name="testRequiredFieldValidation" classname="TestCases.Test_Login" time="3.307"/>
</testsuite>