<?xml version="1.0" encoding="UTF-8"?>
<testng-results ignored="2" total="5" passed="3" failed="0" skipped="0">
  <reporter-output>
  </reporter-output>
  <suite started-at="2023-12-19T23:17:11 IST" name="MyTestSuite" finished-at="2023-12-19T23:19:06 IST" duration-ms="114391">
    <groups>
    </groups>
    <test started-at="2023-12-19T23:17:11 IST" name="MyTest" finished-at="2023-12-19T23:19:06 IST" duration-ms="114391">
      <class name="TestCases.Test_Login">
        <test-method is-config="true" signature="setUp()[pri:0, instance:TestCases.Test_Login@676cf48]" started-at="2023-12-19T23:17:11 IST" name="setUp" finished-at="2023-12-19T23:18:44 IST" duration-ms="92585" status="PASS">
          <reporter-output>
          </reporter-output>
        </test-method> <!-- setUp -->
        <test-method signature="testSuccessfulLoginandLogout()[pri:1, instance:TestCases.Test_Login@676cf48]" started-at="2023-12-19T23:18:44 IST" name="testSuccessfulLoginandLogout" finished-at="2023-12-19T23:18:57 IST" duration-ms="12809" status="PASS">
          <reporter-output>
          </reporter-output>
        </test-method> <!-- testSuccessfulLoginandLogout -->
        <test-method signature="testInvalidLogin()[pri:2, instance:TestCases.Test_Login@676cf48]" started-at="2023-12-19T23:18:57 IST" name="testInvalidLogin" finished-at="2023-12-19T23:19:02 IST" duration-ms="5247" status="PASS">
          <reporter-output>
          </reporter-output>
        </test-method> <!-- testInvalidLogin -->
        <test-method signature="testRequiredFieldValidation()[pri:3, instance:TestCases.Test_Login@676cf48]" started-at="2023-12-19T23:19:02 IST" name="testRequiredFieldValidation" finished-at="2023-12-19T23:19:06 IST" duration-ms="3308" status="PASS">
          <reporter-output>
          </reporter-output>
        </test-method> <!-- testRequiredFieldValidation -->
        <test-method is-config="true" signature="tearDown()[pri:0, instance:TestCases.Test_Login@676cf48]" started-at="2023-12-19T23:19:06 IST" name="tearDown" finished-at="2023-12-19T23:19:06 IST" duration-ms="1" status="PASS">
          <reporter-output>
          </reporter-output>
        </test-method> <!-- tearDown -->
      </class> <!-- TestCases.Test_Login -->
    </test> <!-- MyTest -->
  </suite> <!-- MyTestSuite -->
</testng-results>
