<?xml version="1.0" encoding="UTF-8"?>
<testng-results ignored="4" total="5" passed="1" failed="0" skipped="0">
  <reporter-output>
  </reporter-output>
  <suite started-at="2023-12-19T13:04:56 IST" name="MyTestSuite" finished-at="2023-12-19T13:05:39 IST" duration-ms="43784">
    <groups>
    </groups>
    <test started-at="2023-12-19T13:04:56 IST" name="MyTest" finished-at="2023-12-19T13:05:39 IST" duration-ms="43784">
      <class name="TestCases.Test_Login">
        <test-method is-config="true" signature="setUp()[pri:0, instance:TestCases.Test_Login@130dca52]" started-at="2023-12-19T13:04:56 IST" name="setUp" finished-at="2023-12-19T13:05:25 IST" duration-ms="29228" status="PASS">
          <reporter-output>
          </reporter-output>
        </test-method> <!-- setUp -->
        <test-method signature="testSuccessfulLoginandLogout()[pri:1, instance:TestCases.Test_Login@130dca52]" started-at="2023-12-19T13:05:25 IST" name="testSuccessfulLoginandLogout" finished-at="2023-12-19T13:05:39 IST" duration-ms="14335" status="PASS">
          <reporter-output>
          </reporter-output>
        </test-method> <!-- testSuccessfulLoginandLogout -->
        <test-method is-config="true" signature="tearDown()[pri:0, instance:TestCases.Test_Login@130dca52]" started-at="2023-12-19T13:05:39 IST" name="tearDown" finished-at="2023-12-19T13:05:39 IST" duration-ms="0" status="PASS">
          <reporter-output>
          </reporter-output>
        </test-method> <!-- tearDown -->
      </class> <!-- TestCases.Test_Login -->
    </test> <!-- MyTest -->
  </suite> <!-- MyTestSuite -->
</testng-results>
